  Main.cpp
  GridCell.cpp
D:\Code\C++\Cellular Automata Chap.2\Cellular Automata Chap.2\GridCell.cpp(17,20): warning C4018: '<' : incompatibilité signed/unsigned
  Render.cpp
D:\Code\C++\Cellular Automata Chap.2\Cellular Automata Chap.2\Render.cpp(20,80): warning C4244: 'argument' : conversion de 'T' en 'float', perte possible de données
          with
          [
              T=int
          ]
D:\Code\C++\Cellular Automata Chap.2\Cellular Automata Chap.2\Render.cpp(20,63): warning C4244: 'argument' : conversion de 'T' en 'float', perte possible de données
          with
          [
              T=int
          ]
D:\Code\C++\Cellular Automata Chap.2\Cellular Automata Chap.2\Render.cpp(28,80): warning C4244: 'argument' : conversion de 'T' en 'float', perte possible de données
          with
          [
              T=int
          ]
D:\Code\C++\Cellular Automata Chap.2\Cellular Automata Chap.2\Render.cpp(28,63): warning C4244: 'argument' : conversion de 'T' en 'float', perte possible de données
          with
          [
              T=int
          ]
  Tick.cpp
Main.obj : error LNK2001: symbole externe non résolu "__declspec(dllimport) public: virtual __thiscall sf::RenderWindow::~RenderWindow(void)" (__imp_??1RenderWindow@sf@@UAE@XZ)
Main.obj : error LNK2001: symbole externe non résolu "__declspec(dllimport) public: __thiscall sf::RenderWindow::RenderWindow(class sf::VideoMode,class sf::String const &,unsigned int,struct sf::ContextSettings const &)" (__imp_??0RenderWindow@sf@@QAE@VVideoMode@1@ABVString@1@IABUContextSettings@1@@Z)
Main.obj : error LNK2001: symbole externe non résolu "__declspec(dllimport) public: __thiscall sf::Color::Color(unsigned char,unsigned char,unsigned char,unsigned char)" (__imp_??0Color@sf@@QAE@EEEE@Z)
Main.obj : error LNK2001: symbole externe non résolu "__declspec(dllimport) class sf::Time __cdecl sf::milliseconds(int)" (__imp_?milliseconds@sf@@YA?AVTime@1@H@Z)
Main.obj : error LNK2001: symbole externe non résolu "__declspec(dllimport) void __cdecl sf::sleep(class sf::Time)" (__imp_?sleep@sf@@YAXVTime@1@@Z)
Main.obj : error LNK2001: symbole externe non résolu "__declspec(dllimport) public: void __thiscall sf::Window::display(void)" (__imp_?display@Window@sf@@QAEXXZ)
Main.obj : error LNK2001: symbole externe non résolu "__declspec(dllimport) public: void __thiscall sf::Window::setFramerateLimit(unsigned int)" (__imp_?setFramerateLimit@Window@sf@@QAEXI@Z)
Main.obj : error LNK2001: symbole externe non résolu "__declspec(dllimport) public: bool __thiscall sf::Window::pollEvent(class sf::Event &)" (__imp_?pollEvent@Window@sf@@QAE_NAAVEvent@2@@Z)
Main.obj : error LNK2001: symbole externe non résolu "__declspec(dllimport) public: bool __thiscall sf::Window::isOpen(void)const " (__imp_?isOpen@Window@sf@@QBE_NXZ)
Main.obj : error LNK2001: symbole externe non résolu "__declspec(dllimport) public: void __thiscall sf::Window::close(void)" (__imp_?close@Window@sf@@QAEXXZ)
Main.obj : error LNK2001: symbole externe non résolu "__declspec(dllimport) public: void __thiscall sf::RenderTarget::clear(class sf::Color const &)" (__imp_?clear@RenderTarget@sf@@QAEXABVColor@2@@Z)
Main.obj : error LNK2001: symbole externe non résolu "__declspec(dllimport) public: __thiscall sf::String::String(char const *,class std::locale const &)" (__imp_??0String@sf@@QAE@PBDABVlocale@std@@@Z)
Main.obj : error LNK2001: symbole externe non résolu "__declspec(dllimport) public: __thiscall sf::VideoMode::VideoMode(unsigned int,unsigned int,unsigned int)" (__imp_??0VideoMode@sf@@QAE@III@Z)
Main.obj : error LNK2001: symbole externe non résolu "__declspec(dllimport) public: static class sf::Vector2<int> __cdecl sf::Mouse::getPosition(class sf::Window const &)" (__imp_?getPosition@Mouse@sf@@SA?AV?$Vector2@H@2@ABVWindow@2@@Z)
Main.obj : error LNK2001: symbole externe non résolu "__declspec(dllimport) public: static bool __cdecl sf::Mouse::isButtonPressed(enum sf::Mouse::Button)" (__imp_?isButtonPressed@Mouse@sf@@SA_NW4Button@12@@Z)
Main.obj : error LNK2001: symbole externe non résolu "__declspec(dllimport) public: __thiscall sf::String::~String(void)" (__imp_??1String@sf@@QAE@XZ)
Render.obj : error LNK2001: symbole externe non résolu "__declspec(dllimport) public: static class sf::RenderStates const sf::RenderStates::Default" (__imp_?Default@RenderStates@sf@@2V12@B)
Render.obj : error LNK2001: symbole externe non résolu "__declspec(dllimport) public: void __thiscall sf::Transformable::setPosition(float,float)" (__imp_?setPosition@Transformable@sf@@QAEXMM@Z)
Render.obj : error LNK2001: symbole externe non résolu "__declspec(dllimport) public: void __thiscall sf::RenderTarget::draw(class sf::Drawable const &,class sf::RenderStates const &)" (__imp_?draw@RenderTarget@sf@@QAEXABVDrawable@2@ABVRenderStates@2@@Z)
Render.obj : error LNK2001: symbole externe non résolu "__declspec(dllimport) private: virtual void __thiscall sf::Shape::draw(class sf::RenderTarget &,class sf::RenderStates)const " (__imp_?draw@Shape@sf@@EBEXAAVRenderTarget@2@VRenderStates@2@@Z)
Render.obj : error LNK2001: symbole externe non résolu "__declspec(dllimport) public: void __thiscall sf::Shape::setFillColor(class sf::Color const &)" (__imp_?setFillColor@Shape@sf@@QAEXABVColor@2@@Z)
Render.obj : error LNK2001: symbole externe non résolu "__declspec(dllimport) public: virtual class sf::Vector2<float> __thiscall sf::RectangleShape::getPoint(unsigned int)const " (__imp_?getPoint@RectangleShape@sf@@UBE?AV?$Vector2@M@2@I@Z)
Render.obj : error LNK2001: symbole externe non résolu "__declspec(dllimport) public: virtual unsigned int __thiscall sf::RectangleShape::getPointCount(void)const " (__imp_?getPointCount@RectangleShape@sf@@UBEIXZ)
Render.obj : error LNK2001: symbole externe non résolu "__declspec(dllimport) public: __thiscall sf::RectangleShape::RectangleShape(class sf::Vector2<float> const &)" (__imp_??0RectangleShape@sf@@QAE@ABV?$Vector2@M@1@@Z)
Render.obj : error LNK2001: symbole externe non résolu "__declspec(dllimport) public: static class sf::Color const sf::Color::Blue" (__imp_?Blue@Color@sf@@2V12@B)
Render.obj : error LNK2001: symbole externe non résolu "__declspec(dllimport) public: __thiscall sf::RectangleShape::RectangleShape(class sf::RectangleShape &&)" (__imp_??0RectangleShape@sf@@QAE@$$QAV01@@Z)
Render.obj : error LNK2001: symbole externe non résolu "__declspec(dllimport) public: __thiscall sf::RectangleShape::RectangleShape(class sf::RectangleShape const &)" (__imp_??0RectangleShape@sf@@QAE@ABV01@@Z)
Render.obj : error LNK2001: symbole externe non résolu "__declspec(dllimport) public: virtual __thiscall sf::RectangleShape::~RectangleShape(void)" (__imp_??1RectangleShape@sf@@UAE@XZ)
Tick.obj : error LNK2001: symbole externe non résolu "__declspec(dllimport) public: class sf::Time __thiscall sf::Clock::restart(void)" (__imp_?restart@Clock@sf@@QAE?AVTime@2@XZ)
Tick.obj : error LNK2001: symbole externe non résolu "__declspec(dllimport) public: class sf::Time __thiscall sf::Clock::getElapsedTime(void)const " (__imp_?getElapsedTime@Clock@sf@@QBE?AVTime@2@XZ)
Tick.obj : error LNK2001: symbole externe non résolu "__declspec(dllimport) public: __thiscall sf::Clock::Clock(void)" (__imp_??0Clock@sf@@QAE@XZ)
Tick.obj : error LNK2001: symbole externe non résolu "__declspec(dllimport) public: int __thiscall sf::Time::asMilliseconds(void)const " (__imp_?asMilliseconds@Time@sf@@QBEHXZ)
Tick.obj : error LNK2001: symbole externe non résolu "__declspec(dllimport) public: float __thiscall sf::Time::asSeconds(void)const " (__imp_?asSeconds@Time@sf@@QBEMXZ)
D:\Code\C++\Cellular Automata Chap.2\Release\Cellular Automata Chap.2.exe : fatal error LNK1120: 33 externes non résolus
